#
# There is insufficient memory for the Java Runtime Environment to continue.
# Native memory allocation (mmap) failed to map 2097152 bytes for G1 virtual space
# Possible reasons:
#   The system is out of physical RAM or swap space
#   The process is running with CompressedOops enabled, and the Java Heap may be blocking the growth of the native heap
# Possible solutions:
#   Reduce memory load on the system
#   Increase physical memory or swap space
#   Check if swap backing store is full
#   Decrease Java heap size (-Xmx/-Xms)
#   Decrease number of Java threads
#   Decrease Java thread stack sizes (-Xss)
#   Set larger code cache with -XX:ReservedCodeCacheSize=
#   JVM is running with Unscaled Compressed Oops mode in which the Java heap is
#     placed in the first 4GB address space. The Java Heap base address is the
#     maximum limit for the native heap growth. Please use -XX:HeapBaseMinAddress
#     to set the Java Heap base and to place the Java Heap above 4GB virtual address.
# This output file may be truncated or incomplete.
#
#  Out of Memory Error (os_windows.cpp:3466), pid=5820, tid=11052
#
# JRE version:  (16.0.1+9) (build )
# Java VM: Java HotSpot(TM) 64-Bit Server VM (16.0.1+9-24, mixed mode, sharing, tiered, compressed oops, compressed class ptrs, g1 gc, windows-amd64)
# No core dump will be written. Minidumps are not enabled by default on client versions of Windows
#

---------------  S U M M A R Y ------------

Command Line: -Dfile.encoding=Cp1252 --module-path=D:\class\java\JFRAMES\bin -XX:+ShowCodeDetailsInExceptionMessages -Djdk.module.main=JFRAMES JFRAMES/JComponents.TicTacToe

Host: Intel(R) Core(TM) i5-7200U CPU @ 2.50GHz, 4 cores, 7G,  Windows 10 , 64 bit Build 19041 (10.0.19041.1023)
Time: Tue Jul 20 09:32:10 2021 Nepal Standard Time elapsed time: 0.102948 seconds (0d 0h 0m 0s)

---------------  T H R E A D  ---------------

Current thread (0x000001f40a189de0):  JavaThread "Unknown thread" [_thread_in_vm, id=11052, stack(0x0000005da6900000,0x0000005da6a00000)]

Stack: [0x0000005da6900000,0x0000005da6a00000]
Native frames: (J=compiled Java code, j=interpreted, Vv=VM code, C=native code)
V  [jvm.dll+0x6687ca]
V  [jvm.dll+0x7ca3c9]
V  [jvm.dll+0x7cbb53]
V  [jvm.dll+0x7cc1b3]
V  [jvm.dll+0x242ea5]
V  [jvm.dll+0x665589]
V  [jvm.dll+0x65a175]
V  [jvm.dll+0x2fc5ab]
V  [jvm.dll+0x3037a6]
V  [jvm.dll+0x353003]
V  [jvm.dll+0x35321f]
V  [jvm.dll+0x2d3618]
V  [jvm.dll+0x2d4854]
V  [jvm.dll+0x79ccb1]
V  [jvm.dll+0x360de1]
V  [jvm.dll+0x77a990]
V  [jvm.dll+0x3e55af]
V  [jvm.dll+0x3e7081]
C  [jli.dll+0x52fb]
C  [ucrtbase.dll+0x21bb2]
C  [KERNEL32.DLL+0x17034]
C  [ntdll.dll+0x52651]


---------------  P R O C E S S  ---------------

Threads class SMR info:
_java_thread_list=0x00007ff9b40ccbb8, length=0, elements={
}

Java Threads: ( => current thread )

Other Threads:
  0x000001f40a1c8220 GCTaskThread "GC Thread#0" [stack: 0x0000005da6a00000,0x0000005da6b00000] [id=8236]
  0x000001f40a1dab20 ConcurrentGCThread "G1 Main Marker" [stack: 0x0000005da6b00000,0x0000005da6c00000] [id=9988]
  0x000001f40a1db520 ConcurrentGCThread "G1 Conc#0" [stack: 0x0000005da6c00000,0x0000005da6d00000] [id=9072]

[error occurred during error reporting (printing all threads), id 0xc0000005, EXCEPTION_ACCESS_VIOLATION (0xc0000005) at pc=0x00007ff9b38a44d7]

VM state: not at safepoint (not fully initialized)

VM Mutex/Monitor currently owned by a thread:  ([mutex/lock_event])
[0x000001f40a185390] Heap_lock - owner thread: 0x000001f40a189de0

Heap address: 0x0000000081800000, size: 2024 MB, Compressed Oops mode: 32-bit

CDS archive(s) mapped at: [0x0000000000000000-0x0000000000000000-0x0000000000000000), size 0, SharedBaseAddress: 0x0000000800000000, ArchiveRelocationMode: 0.
Narrow klass base: 0x0000000000000000, Narrow klass shift: 0, Narrow klass range: 0x0

GC Precious Log:
<Empty>

Heap:
 garbage-first heap   total 0K, used 0K [0x0000000081800000, 0x0000000100000000)
  region size 1024K, 0 young (0K), 0 survivors (0K)

[error occurred during error reporting (printing heap information), id 0xc0000005, EXCEPTION_ACCESS_VIOLATION (0xc0000005) at pc=0x00007ff9b3c824ed]

GC Heap History (0 events):
No events

Deoptimization events (0 events):
No events

Classes unloaded (0 events):
No events

Classes redefined (0 events):
No events

Internal exceptions (0 events):
No events

Events (1 events):
Event: 0.012 Loaded shared library C:\Program Files\Java\jdk-16.0.1\bin\java.dll


Dynamic libraries:
0x00007ff7e3f10000 - 0x00007ff7e3f20000 	C:\Program Files\Java\jdk-16.0.1\bin\javaw.exe
0x00007ffa3cb10000 - 0x00007ffa3cd05000 	C:\WINDOWS\SYSTEM32\ntdll.dll
0x00007ffa3b800000 - 0x00007ffa3b8bd000 	C:\WINDOWS\System32\KERNEL32.DLL
0x00007ffa3a6a0000 - 0x00007ffa3a969000 	C:\WINDOWS\System32\KERNELBASE.dll
0x00007ffa3aa80000 - 0x00007ffa3ab80000 	C:\WINDOWS\System32\ucrtbase.dll
0x00007ffa370e0000 - 0x00007ffa370f9000 	C:\Program Files\Java\jdk-16.0.1\bin\VCRUNTIME140.dll
0x00007ffa247c0000 - 0x00007ffa247d8000 	C:\Program Files\Java\jdk-16.0.1\bin\jli.dll
0x00007ffa3b080000 - 0x00007ffa3b12c000 	C:\WINDOWS\System32\ADVAPI32.dll
0x00007ffa3bb20000 - 0x00007ffa3bbbe000 	C:\WINDOWS\System32\msvcrt.dll
0x00007ffa3ba00000 - 0x00007ffa3ba9b000 	C:\WINDOWS\System32\sechost.dll
0x00007ffa3b8c0000 - 0x00007ffa3b9ea000 	C:\WINDOWS\System32\RPCRT4.dll
0x00007ffa3c020000 - 0x00007ffa3c1c0000 	C:\WINDOWS\System32\USER32.dll
0x00007ffa24eb0000 - 0x00007ffa2514a000 	C:\WINDOWS\WinSxS\amd64_microsoft.windows.common-controls_6595b64144ccf1df_6.0.19041.1110_none_60b5254171f9507e\COMCTL32.dll
0x00007ffa3a2a0000 - 0x00007ffa3a2c2000 	C:\WINDOWS\System32\win32u.dll
0x00007ffa3ab80000 - 0x00007ffa3abaa000 	C:\WINDOWS\System32\GDI32.dll
0x00007ffa3a430000 - 0x00007ffa3a53b000 	C:\WINDOWS\System32\gdi32full.dll
0x00007ffa3a540000 - 0x00007ffa3a5dd000 	C:\WINDOWS\System32\msvcp_win.dll
0x00007ffa326d0000 - 0x00007ffa326da000 	C:\WINDOWS\SYSTEM32\VERSION.dll
0x00007ffa3bd00000 - 0x00007ffa3bd30000 	C:\WINDOWS\System32\IMM32.DLL
0x00007ffa373b0000 - 0x00007ffa373bc000 	C:\Program Files\Java\jdk-16.0.1\bin\vcruntime140_1.dll
0x00007ffa069f0000 - 0x00007ffa06a81000 	C:\Program Files\Java\jdk-16.0.1\bin\msvcp140.dll
0x00007ff9b35c0000 - 0x00007ff9b416b000 	C:\Program Files\Java\jdk-16.0.1\bin\server\jvm.dll
0x00007ffa3c2d0000 - 0x00007ffa3c2d8000 	C:\WINDOWS\System32\PSAPI.DLL
0x00007ffa31160000 - 0x00007ffa31187000 	C:\WINDOWS\SYSTEM32\WINMM.dll
0x00007ffa2ca80000 - 0x00007ffa2ca89000 	C:\WINDOWS\SYSTEM32\WSOCK32.dll
0x00007ffa3bbc0000 - 0x00007ffa3bc2b000 	C:\WINDOWS\System32\WS2_32.dll
0x00007ffa38ef0000 - 0x00007ffa38f02000 	C:\WINDOWS\SYSTEM32\kernel.appcore.dll
0x00007ffa37320000 - 0x00007ffa3732a000 	C:\Program Files\Java\jdk-16.0.1\bin\jimage.dll
0x00007ffa38830000 - 0x00007ffa38a14000 	C:\WINDOWS\SYSTEM32\DBGHELP.DLL
0x00007ffa11290000 - 0x00007ffa112bc000 	C:\WINDOWS\SYSTEM32\dbgcore.DLL
0x00007ffa3a5e0000 - 0x00007ffa3a663000 	C:\WINDOWS\System32\bcryptPrimitives.dll
0x00007ffa07260000 - 0x00007ffa07285000 	C:\Program Files\Java\jdk-16.0.1\bin\java.dll

dbghelp: loaded successfully - version: 4.0.5 - missing functions: none
symbol engine: initialized successfully - sym options: 0x614 - pdb path: .;C:\Program Files\Java\jdk-16.0.1\bin;C:\WINDOWS\SYSTEM32;C:\WINDOWS\WinSxS\amd64_microsoft.windows.common-controls_6595b64144ccf1df_6.0.19041.1110_none_60b5254171f9507e;C:\Program Files\Java\jdk-16.0.1\bin\server

VM Arguments:
jvm_args: -Dfile.encoding=Cp1252 --module-path=D:\class\java\JFRAMES\bin -XX:+ShowCodeDetailsInExceptionMessages -Djdk.module.main=JFRAMES 
java_command: JFRAMES/JComponents.TicTacToe
java_class_path (initial): .
Launcher Type: SUN_STANDARD

[Global flags]
     intx CICompilerCount                          = 3                                         {product} {ergonomic}
     uint ConcGCThreads                            = 1                                         {product} {ergonomic}
     uint G1ConcRefinementThreads                  = 4                                         {product} {ergonomic}
   size_t G1HeapRegionSize                         = 1048576                                   {product} {ergonomic}
    uintx GCDrainStackTargetSize                   = 64                                        {product} {ergonomic}
   size_t InitialHeapSize                          = 134217728                                 {product} {ergonomic}
   size_t MarkStackSize                            = 4194304                                   {product} {ergonomic}
   size_t MaxHeapSize                              = 2122317824                                {product} {ergonomic}
   size_t MinHeapDeltaBytes                        = 1048576                                   {product} {ergonomic}
   size_t MinHeapSize                              = 8388608                                   {product} {ergonomic}
    uintx NonNMethodCodeHeapSize                   = 5832780                                {pd product} {ergonomic}
    uintx NonProfiledCodeHeapSize                  = 122912730                              {pd product} {ergonomic}
    uintx ProfiledCodeHeapSize                     = 122912730                              {pd product} {ergonomic}
    uintx ReservedCodeCacheSize                    = 251658240                              {pd product} {ergonomic}
     bool SegmentedCodeCache                       = true                                      {product} {ergonomic}
     bool ShowCodeDetailsInExceptionMessages       = true                                   {manageable} {command line}
   size_t SoftMaxHeapSize                          = 2122317824                             {manageable} {ergonomic}
     bool UseCompressedClassPointers               = true                           {product lp64_product} {ergonomic}
     bool UseCompressedOops                        = true                           {product lp64_product} {ergonomic}
     bool UseG1GC                                  = true                                      {product} {ergonomic}
     bool UseLargePagesIndividualAllocation        = false                                  {pd product} {ergonomic}

Logging:
Log output configuration:
 #0: stdout all=warning uptime,level,tags
 #1: stderr all=off uptime,level,tags

Environment Variables:
JAVA_HOME=C:\Program Files\Java\jdk-13.0.1
CLASSPATH=.
PATH=D:\u01\app\Oracle\Product\19.3.0.0\db_home1\bin;C:\Program Files\Common Files\Oracle\Java\javapath;C:\WINDOWS\system32;C:\WINDOWS;C:\WINDOWS\System32\Wbem;C:\WINDOWS\System32\WindowsPowerShell\v1.0\;C:\WINDOWS\System32\OpenSSH\;D:\php-7.4.1-Win32-vc15-x64;C:\Program Files\nodejs\;C:\Program Files\dotnet\;C:\Program Files\Microsoft SQL Server\130\Tools\Binn\;C:\Program Files\Microsoft SQL Server\Client SDK\ODBC\170\Tools\Binn\;C:\Program Files (x86)\Microsoft SQL Server\150\Tools\Binn\;C:\Program Files\Microsoft SQL Server\150\Tools\Binn\;C:\Program Files\Microsoft SQL Server\150\DTS\Binn\;C:\Program Files (x86)\Microsoft SQL Server\150\DTS\Binn\;C:\Python395\Scripts\;C:\Python395\;C:\Users\yubra\AppData\Local\Microsoft\WindowsApps;C:\Users\yubra\AppData\Local\Programs\Microsoft VS Code\bin;C:\Program Files\Java\jdk-13.0.1\bin;C:\Users\yubra\AppData\Roaming\npm;C:\Users\yubra\.dotnet\tools;
USERNAME=yubra
OS=Windows_NT
PROCESSOR_IDENTIFIER=Intel64 Family 6 Model 142 Stepping 9, GenuineIntel



---------------  S Y S T E M  ---------------

OS:
 Windows 10 , 64 bit Build 19041 (10.0.19041.1023)
OS uptime: 5 days 3:25 hours

CPU: total 4 (initial active 4) (2 cores per cpu, 2 threads per core) family 6 model 142 stepping 9 microcode 0xde, cx8, cmov, fxsr, ht, mmx, 3dnowpref, sse, sse2, sse3, ssse3, sse4.1, sse4.2, popcnt, lzcnt, tsc, tscinvbit, avx, avx2, aes, erms, clmul, bmi1, bmi2, adx, fma, vzeroupper, clflush, clflushopt

Memory: 4k page, system-wide physical 8090M (1612M free)
TotalPageFile size 14234M (AvailPageFile size 4M)
current process WorkingSet (physical memory assigned to process): 10M, peak: 10M
current process commit charge ("private bytes"): 179M, peak: 181M

vm_info: Java HotSpot(TM) 64-Bit Server VM (16.0.1+9-24) for windows-amd64 JRE (16.0.1+9-24), built on Mar 26 2021 19:31:42 by "mach5one" with MS VC++ 16.7 (VS2019)

END.
